<?xml version="1.0" encoding="UTF-8"?>
<testsuite xmlns:xsi="http://www.w3.org/2001/XMLSchema-instance" xsi:noNamespaceSchemaLocation="https://maven.apache.org/surefire/maven-surefire-plugin/xsd/surefire-test-report.xsd" name="TestSuite" time="38.789" tests="8" errors="0" skipped="1" failures="1">
  <properties>
[...]
</properties>
  <testcase name="shouldBeAbleToReadFromAccountActivityTable" classname="com.zeroWebAppSecurity.test.AccountActivityModelTest" time="0.742"/>
  <testcase name="shouldBeAbleToReadFromAccountActivityTableWithDataProvider" classname="com.zeroWebAppSecurity.test.AccountActivityModelTest" time="0">
    <skipped message="&#10;Method public void com.zeroWebAppSecurity.test.AccountActivityModelTest.shouldBeAbleToReadFromAccountActivityTableWithDataProvider(java.lang.String) requires a @DataProvider named : accountActivityDataProvider in class com.zeroWebAppSecurity.Data.DataProviders.AccountAcitivityDataProvider"/>
  </testcase>
  <testcase name="shouldNotBeAbleToConvertCurrencyIfThereIsNoAmount" classname="com.zeroWebAppSecurity.test.ConvertCurrenciesTest" time="0.417"/>
  <testcase name="shouldNotBeAbleToConvertIfCurrencyIfNotSelected" classname="com.zeroWebAppSecurity.test.ConvertCurrenciesTest" time="0.557">
    <failure message="no such alert&#10;  (Session info: chrome=79.0.3945.130)&#10;  (Driver info: chromedriver=2.40.565498 (ea082db3280dd6843ebfb08a625e3eb905c4f5ab),platform=Windows NT 10.0.17763 x86_64) (WARNING: The server did not provide any stacktrace information)&#10;Command duration or timeout: 0 milliseconds&#10;Build info: version: &apos;3.11.0&apos;, revision: &apos;e59cfb3&apos;, time: &apos;2018-03-11T20:26:55.152Z&apos;&#10;System info: host: &apos;EN310300&apos;, ip: &apos;172.17.75.71&apos;, os.name: &apos;Windows 10&apos;, os.arch: &apos;amd64&apos;, os.version: &apos;10.0&apos;, java.version: &apos;11.0.5&apos;&#10;Driver info: org.openqa.selenium.chrome.ChromeDriver&#10;Capabilities {acceptInsecureCerts: false, acceptSslCerts: false, applicationCacheEnabled: false, browserConnectionEnabled: false, browserName: chrome, chrome: {chromedriverVersion: 2.40.565498 (ea082db3280dd6..., userDataDir: C:\Users\SMILAN~1\AppData\L...}, cssSelectorsEnabled: true, databaseEnabled: false, handlesAlerts: true, hasTouchScreen: false, javascriptEnabled: true, locationContextEnabled: true, mobileEmulationEnabled: false, nativeEvents: true, networkConnectionEnabled: false, pageLoadStrategy: normal, platform: XP, platformName: XP, rotatable: false, setWindowRect: true, takesHeapSnapshot: true, takesScreenshot: true, unexpectedAlertBehaviour: , unhandledPromptBehavior: , version: 79.0.3945.130, webStorageEnabled: true}&#10;Session ID: fa1f0cd5ac6615e370f4d252bffa55b9" type="org.openqa.selenium.NoAlertPresentException">org.openqa.selenium.NoAlertPresentException: 
no such alert
  (Session info: chrome=79.0.3945.130)
  (Driver info: chromedriver=2.40.565498 (ea082db3280dd6843ebfb08a625e3eb905c4f5ab),platform=Windows NT 10.0.17763 x86_64) (WARNING: The server did not provide any stacktrace information)
Command duration or timeout: 0 milliseconds
Build info: version: '3.11.0', revision: 'e59cfb3', time: '2018-03-11T20:26:55.152Z'
System info: host: 'EN310300', ip: '172.17.75.71', os.name: 'Windows 10', os.arch: 'amd64', os.version: '10.0', java.version: '11.0.5'
Driver info: org.openqa.selenium.chrome.ChromeDriver
Capabilities {acceptInsecureCerts: false, acceptSslCerts: false, applicationCacheEnabled: false, browserConnectionEnabled: false, browserName: chrome, chrome: {chromedriverVersion: 2.40.565498 (ea082db3280dd6..., userDataDir: C:\Users\SMILAN~1\AppData\L...}, cssSelectorsEnabled: true, databaseEnabled: false, handlesAlerts: true, hasTouchScreen: false, javascriptEnabled: true, locationContextEnabled: true, mobileEmulationEnabled: false, nativeEvents: true, networkConnectionEnabled: false, pageLoadStrategy: normal, platform: XP, platformName: XP, rotatable: false, setWindowRect: true, takesHeapSnapshot: true, takesScreenshot: true, unexpectedAlertBehaviour: , unhandledPromptBehavior: , version: 79.0.3945.130, webStorageEnabled: true}
Session ID: fa1f0cd5ac6615e370f4d252bffa55b9
	at com.zeroWebAppSecurity.test.ConvertCurrenciesTest.shouldNotBeAbleToConvertIfCurrencyIfNotSelected(ConvertCurrenciesTest.java:56)
</failure>
  </testcase>
  <testcase name="shouldConvertCanadianDollarToUSDollar" classname="com.zeroWebAppSecurity.test.ConvertCurrenciesTest" time="0.383"/>
  <testcase name="shouldBeAbleToTransferFundsFromOneAccountToOther" classname="com.zeroWebAppSecurity.test.TransferFundsPageTest" time="1.913"/>
  <testcase name="shouldNotBeAbleToTransferFundsFromAccountWithBalanceInMinus" classname="com.zeroWebAppSecurity.test.TransferFundsPageTest" time="1.767"/>
  <testcase name="shouldNotBeAbleToTransferMoreMoneyThanTheAccountHas" classname="com.zeroWebAppSecurity.test.TransferFundsPageTest" time="1.717"/>
</testsuite>